[debug] [2022-04-11T02:01:37.901Z] ----------------------------------------------------------------------
[debug] [2022-04-11T02:01:37.903Z] Command:       /usr/local/bin/node /usr/local/bin/firebase init hosting
[debug] [2022-04-11T02:01:37.903Z] CLI Version:   10.6.0
[debug] [2022-04-11T02:01:37.903Z] Platform:      darwin
[debug] [2022-04-11T02:01:37.903Z] Node Version:  v14.17.0
[debug] [2022-04-11T02:01:37.904Z] Time:          Sun Apr 10 2022 22:01:37 GMT-0400 (Eastern Daylight Time)
[debug] [2022-04-11T02:01:37.904Z] ----------------------------------------------------------------------
[debug] 
[debug] [2022-04-11T02:01:37.952Z] > command requires scopes: ["email","openid","https://www.googleapis.com/auth/cloudplatformprojects.readonly","https://www.googleapis.com/auth/firebase","https://www.googleapis.com/auth/cloud-platform"]
[debug] [2022-04-11T02:01:37.952Z] > authorizing via signed-in user (henry.hzc418@gmail.com)
[info] 
     ######## #### ########  ######## ########     ###     ######  ########
     ##        ##  ##     ## ##       ##     ##  ##   ##  ##       ##
     ######    ##  ########  ######   ########  #########  ######  ######
     ##        ##  ##    ##  ##       ##     ## ##     ##       ## ##
     ##       #### ##     ## ######## ########  ##     ##  ######  ########

You're about to initialize a Firebase project in this directory:

  /Users/zhangcao/Desktop/React/deployed/Sorting-Algorithms-Game

Before we get started, keep in mind:

  * You are initializing within an existing Firebase project directory

[info] 
=== Project Setup
[info] 
[info] First, let's associate this project directory with a Firebase project.
[info] You can create multiple project aliases by running firebase use --add, 
[info] but for now we'll just set up a default project.
[info] 
[debug] [2022-04-11T02:01:37.956Z] Using project from CLI flag: sortingalgorithmgame
[debug] [2022-04-11T02:01:37.958Z] >>> [apiv2][query] GET https://firebase.googleapis.com/v1beta1/projects/sortingalgorithmgame [none]
[debug] [2022-04-11T02:01:38.483Z] <<< [apiv2][status] GET https://firebase.googleapis.com/v1beta1/projects/sortingalgorithmgame 200
[debug] [2022-04-11T02:01:38.483Z] <<< [apiv2][body] GET https://firebase.googleapis.com/v1beta1/projects/sortingalgorithmgame {"projectId":"sortingalgorithmgame","projectNumber":"159030466442","displayName":"3350SortingAlgorithmGame","name":"projects/sortingalgorithmgame","resources":{"hostingSite":"sortingalgorithmgame","realtimeDatabaseInstance":"sortingalgorithmgame-default-rtdb","storageBucket":"sortingalgorithmgame.appspot.com","locationId":"us-central"},"state":"ACTIVE"}
[info] i  Using project sortingalgorithmgame (3350SortingAlgorithmGame) 
[info] 
=== Hosting Setup
[info] 
[info] Your public directory is the folder (relative to your project directory) that
[info] will contain Hosting assets to be uploaded with firebase deploy. If you
[info] have a build process for your assets, use your build's output directory.
[info] 
